:: loading settings :: url = jar:file:/opt/spark/jars/ivy-2.4.0.jar!/org/apache/ivy/core/settings/ivysettings.xml
-------------------------------------------
Batch: 0
-------------------------------------------
+--------+-----+--------+
|customer|score|riskDate|
+--------+-----+--------+
+--------+-----+--------+

-------------------------------------------
Batch: 1
-------------------------------------------
+--------------------+-----+----------+
|            customer|score|  riskDate|
+--------------------+-----+----------+
|Christina.Clayton...|-23.5|2021-12-12|
+--------------------+-----+----------+

-------------------------------------------
Batch: 2
-------------------------------------------
+--------------------+-----+----------+
|            customer|score|  riskDate|
+--------------------+-----+----------+
|Lyn.Spencer@test.com| 11.0|2021-12-12|
+--------------------+-----+----------+

-------------------------------------------
Batch: 3
-------------------------------------------
+--------------------+-----+----------+
|            customer|score|  riskDate|
+--------------------+-----+----------+
|Trevor.Staples@te...| -3.0|2021-12-12|
+--------------------+-----+----------+

-------------------------------------------
Batch: 4
-------------------------------------------
+--------------------+-----+----------+
|            customer|score|  riskDate|
+--------------------+-----+----------+
|Santosh.Habschied...| -6.5|2021-12-12|
+--------------------+-----+----------+

-------------------------------------------
Batch: 5
-------------------------------------------
+--------------------+-----+----------+
|            customer|score|  riskDate|
+--------------------+-----+----------+
|Senthil.Abram@tes...| -3.5|2021-12-12|
+--------------------+-----+----------+

-------------------------------------------
Batch: 6
-------------------------------------------
+------------------+-----+----------+
|          customer|score|  riskDate|
+------------------+-----+----------+
|Dan.Davis@test.com| -0.5|2021-12-12|
+------------------+-----+----------+

-------------------------------------------
Batch: 7
-------------------------------------------
+--------------------+-----+----------+
|            customer|score|  riskDate|
+--------------------+-----+----------+
|Bobby.Clark@test.com| -2.5|2021-12-12|
+--------------------+-----+----------+

-------------------------------------------
Batch: 8
-------------------------------------------
+--------------------+-----+----------+
|            customer|score|  riskDate|
+--------------------+-----+----------+
|Travis.Harris@tes...| -3.5|2021-12-12|
+--------------------+-----+----------+

-------------------------------------------
Batch: 9
-------------------------------------------
+-------------------+-----+----------+
|           customer|score|  riskDate|
+-------------------+-----+----------+
|Eric.Abram@test.com| -4.5|2021-12-12|
+-------------------+-----+----------+

-------------------------------------------
Batch: 10
-------------------------------------------
+--------------------+-----+----------+
|            customer|score|  riskDate|
+--------------------+-----+----------+
|Ben.Staples@test.com| -3.5|2021-12-12|
+--------------------+-----+----------+

-------------------------------------------
Batch: 11
-------------------------------------------
+--------------------+-----+----------+
|            customer|score|  riskDate|
+--------------------+-----+----------+
|Travis.Khatib@tes...| -3.0|2021-12-12|
+--------------------+-----+----------+

-------------------------------------------
Batch: 12
-------------------------------------------
+--------------------+-----+----------+
|            customer|score|  riskDate|
+--------------------+-----+----------+
|Christina.Wu@test...| -5.0|2021-12-12|
+--------------------+-----+----------+

-------------------------------------------
Batch: 13
-------------------------------------------
+--------------------+-----+----------+
|            customer|score|  riskDate|
+--------------------+-----+----------+
|Santosh.Mitra@tes...| -3.5|2021-12-12|
+--------------------+-----+----------+

-------------------------------------------
Batch: 14
-------------------------------------------
+--------------------+-----+----------+
|            customer|score|  riskDate|
+--------------------+-----+----------+
|David.Clark@test.com| -3.0|2021-12-12|
+--------------------+-----+----------+

-------------------------------------------
Batch: 15
-------------------------------------------
+--------------------+-----+----------+
|            customer|score|  riskDate|
+--------------------+-----+----------+
|Craig.Khatib@test...|  1.0|2021-12-12|
+--------------------+-----+----------+

-------------------------------------------
Batch: 16
-------------------------------------------
+--------------------+-----+----------+
|            customer|score|  riskDate|
+--------------------+-----+----------+
|Lyn.Jackson@test.com|  3.5|2021-12-12|
+--------------------+-----+----------+

-------------------------------------------
Batch: 17
-------------------------------------------
+--------------------+-----+----------+
|            customer|score|  riskDate|
+--------------------+-----+----------+
|Angie.Davis@test.com|  9.5|2021-12-12|
+--------------------+-----+----------+

-------------------------------------------
Batch: 18
-------------------------------------------
+-------------------+-----+----------+
|           customer|score|  riskDate|
+-------------------+-----+----------+
|Larry.Huey@test.com|-18.5|2021-12-12|
+-------------------+-----+----------+

-------------------------------------------
Batch: 19
-------------------------------------------
+--------------------+-----+----------+
|            customer|score|  riskDate|
+--------------------+-----+----------+
|Neeraj.Sanchez@te...| 16.5|2021-12-12|
+--------------------+-----+----------+

-------------------------------------------
Batch: 20
-------------------------------------------
+--------------------+-----+----------+
|            customer|score|  riskDate|
+--------------------+-----+----------+
|Angie.Anderson@te...| -9.5|2021-12-12|
+--------------------+-----+----------+

-------------------------------------------
Batch: 21
-------------------------------------------
+-------------------+-----+----------+
|           customer|score|  riskDate|
+-------------------+-----+----------+
|Dan.Howard@test.com| 16.5|2021-12-12|
+-------------------+-----+----------+

-------------------------------------------
Batch: 22
-------------------------------------------
+--------------------+-----+----------+
|            customer|score|  riskDate|
+--------------------+-----+----------+
|Trevor.Abram@test...|-20.0|2021-12-12|
+--------------------+-----+----------+

-------------------------------------------
Batch: 23
-------------------------------------------
+--------------------+-----+----------+
|            customer|score|  riskDate|
+--------------------+-----+----------+
|Ben.Clayton@test.com| 20.5|2021-12-12|
+--------------------+-----+----------+

-------------------------------------------
Batch: 24
-------------------------------------------
+-----------------+-----+----------+
|         customer|score|  riskDate|
+-----------------+-----+----------+
|Frank.Wu@test.com| 23.0|2021-12-12|
+-----------------+-----+----------+

-------------------------------------------
Batch: 25
-------------------------------------------
+--------------------+-----+----------+
|            customer|score|  riskDate|
+--------------------+-----+----------+
|Frank.Phillips@te...|  1.0|2021-12-12|
+--------------------+-----+----------+

-------------------------------------------
Batch: 26
-------------------------------------------
+--------------------+-----+----------+
|            customer|score|  riskDate|
+--------------------+-----+----------+
|Christina.Clayton...|  6.0|2021-12-12|
+--------------------+-----+----------+

-------------------------------------------
Batch: 27
-------------------------------------------
+--------------------+-----+----------+
|            customer|score|  riskDate|
+--------------------+-----+----------+
|Lyn.Spencer@test.com| 16.5|2021-12-12|
+--------------------+-----+----------+

-------------------------------------------
Batch: 28
-------------------------------------------
+--------------------+-----+----------+
|            customer|score|  riskDate|
+--------------------+-----+----------+
|Trevor.Staples@te...| 31.0|2021-12-12|
+--------------------+-----+----------+

-------------------------------------------
Batch: 29
-------------------------------------------
+--------------------+-----+----------+
|            customer|score|  riskDate|
+--------------------+-----+----------+
|Santosh.Habschied...|-30.5|2021-12-12|
+--------------------+-----+----------+

-------------------------------------------
Batch: 30
-------------------------------------------
+--------------------+-----+----------+
|            customer|score|  riskDate|
+--------------------+-----+----------+
|Senthil.Abram@tes...| -2.5|2021-12-12|
+--------------------+-----+----------+

-------------------------------------------
Batch: 31
-------------------------------------------
+------------------+-----+----------+
|          customer|score|  riskDate|
+------------------+-----+----------+
|Dan.Davis@test.com| -1.5|2021-12-12|
+------------------+-----+----------+

-------------------------------------------
Batch: 32
-------------------------------------------
+--------------------+-----+----------+
|            customer|score|  riskDate|
+--------------------+-----+----------+
|Bobby.Clark@test.com| -4.5|2021-12-12|
+--------------------+-----+----------+

-------------------------------------------
Batch: 33
-------------------------------------------
+--------------------+-----+----------+
|            customer|score|  riskDate|
+--------------------+-----+----------+
|Travis.Harris@tes...| -1.0|2021-12-12|
+--------------------+-----+----------+

-------------------------------------------
Batch: 34
-------------------------------------------
+-------------------+-----+----------+
|           customer|score|  riskDate|
+-------------------+-----+----------+
|Eric.Abram@test.com| -5.0|2021-12-12|
+-------------------+-----+----------+

-------------------------------------------
Batch: 35
-------------------------------------------
+--------------------+-----+----------+
|            customer|score|  riskDate|
+--------------------+-----+----------+
|Ben.Staples@test.com| -5.0|2021-12-12|
+--------------------+-----+----------+

-------------------------------------------
Batch: 36
-------------------------------------------
+--------------------+-----+----------+
|            customer|score|  riskDate|
+--------------------+-----+----------+
|Travis.Khatib@tes...| -3.5|2021-12-12|
+--------------------+-----+----------+

-------------------------------------------
Batch: 37
-------------------------------------------
+--------------------+-----+----------+
|            customer|score|  riskDate|
+--------------------+-----+----------+
|Christina.Wu@test...| -4.5|2021-12-12|
+--------------------+-----+----------+

-------------------------------------------
Batch: 38
-------------------------------------------
+--------------------+-----+----------+
|            customer|score|  riskDate|
+--------------------+-----+----------+
|Santosh.Mitra@tes...| -3.5|2021-12-12|
+--------------------+-----+----------+

-------------------------------------------
Batch: 39
-------------------------------------------
+--------------------+-----+----------+
|            customer|score|  riskDate|
+--------------------+-----+----------+
|David.Clark@test.com| -3.5|2021-12-12|
+--------------------+-----+----------+

-------------------------------------------
Batch: 40
-------------------------------------------
+--------------------+-----+----------+
|            customer|score|  riskDate|
+--------------------+-----+----------+
|Craig.Khatib@test...| -3.0|2021-12-12|
+--------------------+-----+----------+

