Spark Command: /usr/lib/jvm/java-11-openjdk-11.0.13.0.8-3.el8_5.x86_64/bin/java -cp /opt/spark/conf/:/opt/spark/jars/* -Xmx1g org.apache.spark.deploy.master.Master --host ribo.localdomain --port 7077 --webui-port 8082
========================================
Using Spark's default log4j profile: org/apache/spark/log4j-defaults.properties
21/12/12 15:23:22 INFO Master: Started daemon with process name: 58134@ribo.localdomain
21/12/12 15:23:22 INFO SignalUtils: Registering signal handler for TERM
21/12/12 15:23:22 INFO SignalUtils: Registering signal handler for HUP
21/12/12 15:23:22 INFO SignalUtils: Registering signal handler for INT
WARNING: An illegal reflective access operation has occurred
WARNING: Illegal reflective access by org.apache.spark.unsafe.Platform (file:/opt/spark/jars/spark-unsafe_2.12-3.1.2.jar) to constructor java.nio.DirectByteBuffer(long,int)
WARNING: Please consider reporting this to the maintainers of org.apache.spark.unsafe.Platform
WARNING: Use --illegal-access=warn to enable warnings of further illegal reflective access operations
WARNING: All illegal access operations will be denied in a future release
21/12/12 15:23:22 WARN NativeCodeLoader: Unable to load native-hadoop library for your platform... using builtin-java classes where applicable
21/12/12 15:23:23 INFO SecurityManager: Changing view acls to: spark
21/12/12 15:23:23 INFO SecurityManager: Changing modify acls to: spark
21/12/12 15:23:23 INFO SecurityManager: Changing view acls groups to: 
21/12/12 15:23:23 INFO SecurityManager: Changing modify acls groups to: 
21/12/12 15:23:23 INFO SecurityManager: SecurityManager: authentication disabled; ui acls disabled; users  with view permissions: Set(spark); groups with view permissions: Set(); users  with modify permissions: Set(spark); groups with modify permissions: Set()
21/12/12 15:23:23 INFO Utils: Successfully started service 'sparkMaster' on port 7077.
21/12/12 15:23:23 INFO Master: Starting Spark master at spark://ribo.localdomain:7077
21/12/12 15:23:23 INFO Master: Running Spark version 3.1.2
21/12/12 15:23:23 INFO Utils: Successfully started service 'MasterUI' on port 8082.
21/12/12 15:23:23 INFO MasterWebUI: Bound MasterWebUI to 0.0.0.0, and started at http://ribo.localdomain:8082
21/12/12 15:23:23 INFO Master: I have been elected leader! New state: ALIVE
21/12/12 15:23:43 INFO Master: Registering worker 192.168.8.110:45629 with 12 cores, 30.1 GiB RAM
