Spark Command: /usr/lib/jvm/java-11-openjdk-11.0.13.0.8-3.el8_5.x86_64/bin/java -cp /opt/spark/conf/:/opt/spark/jars/* -Xmx1g org.apache.spark.deploy.worker.Worker --webui-port 8081 spark://ribo.localdomain:7077
========================================
Using Spark's default log4j profile: org/apache/spark/log4j-defaults.properties
21/12/12 15:23:42 INFO Worker: Started daemon with process name: 58472@ribo.localdomain
21/12/12 15:23:42 INFO SignalUtils: Registering signal handler for TERM
21/12/12 15:23:42 INFO SignalUtils: Registering signal handler for HUP
21/12/12 15:23:42 INFO SignalUtils: Registering signal handler for INT
WARNING: An illegal reflective access operation has occurred
WARNING: Illegal reflective access by org.apache.spark.unsafe.Platform (file:/opt/spark/jars/spark-unsafe_2.12-3.1.2.jar) to constructor java.nio.DirectByteBuffer(long,int)
WARNING: Please consider reporting this to the maintainers of org.apache.spark.unsafe.Platform
WARNING: Use --illegal-access=warn to enable warnings of further illegal reflective access operations
WARNING: All illegal access operations will be denied in a future release
21/12/12 15:23:42 WARN NativeCodeLoader: Unable to load native-hadoop library for your platform... using builtin-java classes where applicable
21/12/12 15:23:42 INFO SecurityManager: Changing view acls to: spark
21/12/12 15:23:42 INFO SecurityManager: Changing modify acls to: spark
21/12/12 15:23:42 INFO SecurityManager: Changing view acls groups to: 
21/12/12 15:23:42 INFO SecurityManager: Changing modify acls groups to: 
21/12/12 15:23:42 INFO SecurityManager: SecurityManager: authentication disabled; ui acls disabled; users  with view permissions: Set(spark); groups with view permissions: Set(); users  with modify permissions: Set(spark); groups with modify permissions: Set()
21/12/12 15:23:42 INFO Utils: Successfully started service 'sparkWorker' on port 45629.
21/12/12 15:23:42 INFO Worker: Worker decommissioning not enabled, SIGPWR will result in exiting.
21/12/12 15:23:43 INFO Worker: Starting Spark worker 192.168.8.110:45629 with 12 cores, 30.1 GiB RAM
21/12/12 15:23:43 INFO Worker: Running Spark version 3.1.2
21/12/12 15:23:43 INFO Worker: Spark home: /opt/spark
21/12/12 15:23:43 INFO ResourceUtils: ==============================================================
21/12/12 15:23:43 INFO ResourceUtils: No custom resources configured for spark.worker.
21/12/12 15:23:43 INFO ResourceUtils: ==============================================================
21/12/12 15:23:43 INFO Utils: Successfully started service 'WorkerUI' on port 8081.
21/12/12 15:23:43 INFO WorkerWebUI: Bound WorkerWebUI to 0.0.0.0, and started at http://ribo.localdomain:8081
21/12/12 15:23:43 INFO Worker: Connecting to master ribo.localdomain:7077...
21/12/12 15:23:43 INFO TransportClientFactory: Successfully created connection to ribo.localdomain/192.168.8.110:7077 after 26 ms (0 ms spent in bootstraps)
21/12/12 15:23:43 INFO Worker: Successfully registered with master spark://ribo.localdomain:7077
